<?xml version="1.0" encoding="UTF-8"?>
<!-- Generated by org.testng.reporters.JUnitReportReporter -->
<testsuite hostname="LAPTOP-98LA1BCC" failures="0" tests="1" name="Maven2.Adactin" time="29.129" errors="0" timestamp="2022-01-15T15:24:40 IST" skipped="0">
  <testcase classname="Maven2.Adactin" name="test" time="29.129"/>
  <system-out/>
</testsuite> <!-- Maven2.Adactin -->
