<?xml version="1.0" encoding="UTF-8"?>
<!-- Generated by org.testng.reporters.JUnitReportReporter -->
<testsuite hostname="LAPTOP-98LA1BCC" failures="0" tests="1" name="Maven2.AppTest" time="0.008" errors="0" timestamp="2021-09-11T14:00:55 IST" skipped="0">
  <testcase classname="Maven2.AppTest" name="shouldAnswerWithTrue" time="0.008"/>
  <system-out/>
</testsuite> <!-- Maven2.AppTest -->
