<?xml version="1.0" encoding="UTF-8"?>
<!-- Generated by org.testng.reporters.JUnitReportReporter -->
<testsuite hostname="LAPTOP-98LA1BCC" failures="0" tests="2" name="Maven2.test1" time="50.275" errors="0" timestamp="2021-10-04T19:10:54 IST" skipped="0">
  <testcase classname="Maven2.test1" name="new1" time="23.940"/>
  <system-out/>
  <testcase classname="Maven2.test1" name="new1" time="26.335"/>
  <system-out/>
</testsuite> <!-- Maven2.test1 -->
