<?xml version="1.0" encoding="UTF-8"?>
<!-- Generated by org.testng.reporters.JUnitReportReporter -->
<testsuite skipped="0" hostname="LAPTOP-98LA1BCC" name="Maven2.test1" tests="2" failures="0" timestamp="2021-09-14T13:15:25 IST" time="11.496" errors="0">
  <testcase name="new1" time="4.845" classname="Maven2.test1"/>
  <system-out/>
  <testcase name="new1" time="6.651" classname="Maven2.test1"/>
  <system-out/>
</testsuite> <!-- Maven2.test1 -->
