<?xml version="1.0" encoding="UTF-8"?>
<!-- Generated by org.testng.reporters.JUnitReportReporter -->
<testsuite skipped="0" hostname="LAPTOP-98LA1BCC" name="Maven2.AppTest" tests="1" failures="0" timestamp="2021-09-14T13:15:25 IST" time="0.004" errors="0">
  <testcase name="shouldAnswerWithTrue" time="0.004" classname="Maven2.AppTest"/>
  <system-out/>
</testsuite> <!-- Maven2.AppTest -->
